app/build/outputs/mapping/release/seeds.txt
app.vercel.reimagine_beta.twa.LauncherActivity
app.vercel.reimagine_beta.twa.DelegationService
app.vercel.reimagine_beta.twa.Application
app.vercel.reimagine_beta.twa.DelegationService: DelegationService()
app.vercel.reimagine_beta.twa.Application: Application()
app.vercel.reimagine_beta.twa.LauncherActivity: LauncherActivity()
...
androidx.appcompat.widget.Toolbar: void setNavigationOnClickListener(android.view.View$OnClickListener)
androidx.core.view.WindowInsetsCompat$Impl: androidx.core.graphics.Insets getStableInsets()
androidx.core.widget.NestedScrollView: float getTopFadingEdgeStrength()
androidx.core.view.WindowInsetsCompat$BuilderImpl29: void setTappableElementInsets(androidx.core.graphics.Insets)
androidx.appcompat.widget.ViewStubCompat: ViewStubCompat(android.content.Context,android.util.AttributeSet)
androidx.appcompat.widget.AppCompatTextView: void setFilters(android.text.InputFilter[])
androidx.core.view.WindowInsetsCompat$Impl20: void setRootWindowInsets(androidx.core.view.WindowInsetsCompat)
androidx.core.view.WindowInsetsCompat$Impl: void setOverriddenInsets(androidx.core.graphics.Insets[])
androidx.lifecycle.EmptyActivityLifecycleCallbacks: void onActivityResumed(android.app.Activity)
androidx.core.view.WindowInsetsCompat$TypeImpl30: int toPlatformType(int)
androidx.appcompat.widget.AppCompatTextHelper$Api26Impl: boolean setFontVariationSettings(android.widget.TextView,java.lang.String)
androidx.appcompat.widget.FitWindowsLinearLayout: void setOnFitSystemWindowsListener(androidx.appcompat.widget.FitWindowsViewGroup$OnFitSystemWindowsListener)
androidx.core.view.MenuItemCompat$Api26Impl: int getNumericModifiers(android.view.MenuItem)
androidx.appcompat.widget.Toolbar: void setNavigationContentDescription(int)
androidx.core.view.WindowInsetsCompat$Impl20: void setRootViewData(androidx.core.graphics.Insets)
androidx.appcompat.widget.ViewStubCompat: int getLayoutResource()
androidx.core.app.NotificationManagerCompat$Api26Impl: java.util.List getNotificationChannelGroups(android.app.NotificationManager)
androidx.core.view.MenuItemCompat$Api26Impl: android.graphics.PorterDuff$Mode getIconTintMode(android.view.MenuItem)
androidx.vectordrawable.graphics.drawable.VectorDrawableCompat$VGroup: void setPivotY(float)
androidx.appcompat.widget.ActionMenuView: int getPopupTheme()
androidx.core.view.WindowInsetsCompat$Impl30: WindowInsetsCompat$Impl30(androidx.core.view.WindowInsetsCompat,androidx.core.view.WindowInsetsCompat$Impl30)
androidx.appcompat.widget.Toolbar: void setLogo(android.graphics.drawable.Drawable)
androidx.appcompat.widget.MenuPopupWindow$Api29Impl: void setTouchModal(android.widget.PopupWindow,boolean)
androidx.appcompat.widget.DropDownListView: void setListSelectionHidden(boolean)
androidx.appcompat.widget.AppCompatImageButton: void setSupportBackgroundTintList(android.content.res.ColorStateList)
androidx.vectordrawable.graphics.drawable.VectorDrawableCompat$VGroup: void setTranslateY(float)
androidx.emoji2.text.ConcurrencyHelpers$Handler28Impl: android.os.Handler createAsync(android.os.Looper)
androidx.lifecycle.ReportFragment$LifecycleCallbacks: void onActivityPrePaused(android.app.Activity)
androidx.core.view.ViewCompat$Api23Impl: androidx.core.view.WindowInsetsCompat getRootWindowInsets(android.view.View)
androidx.core.view.DisplayCutoutCompat$Api28Impl: int getSafeInsetRight(android.view.DisplayCutout)
androidx.core.widget.NestedScrollView: int getScrollRange()
androidx.core.graphics.drawable.IconCompat$Api28Impl: int getResId(java.lang.Object)
androidx.appcompat.widget.ActionBarContainer: void setVisibility(int)
androidx.core.view.accessibility.AccessibilityNodeInfoCompat$Api34Impl: android.view.accessibility.AccessibilityNodeInfo$AccessibilityAction getActionScrollInDirection()
androidx.lifecycle.ProcessLifecycleOwner$attach$1: ProcessLifecycleOwner$attach$1(androidx.lifecycle.ProcessLifecycleOwner)
androidx.vectordrawable.graphics.drawable.VectorDrawableCompat$VGroup: float getTranslateX()
androidx.appcompat.view.menu.ActionMenuItemView: void setItemInvoker(androidx.appcompat.view.menu.MenuBuilder$ItemInvoker)
androidx.core.view.accessibility.AccessibilityNodeInfoCompat$Api34Impl: boolean hasRequestInitialAccessibilityFocus(android.view.accessibility.AccessibilityNodeInfo)