app/build/outputs/mapping/release/usage.txt
app.vercel.reimagine_beta.twa.R$bool
app.vercel.reimagine_beta.twa.R$color
app.vercel.reimagine_beta.twa.R$drawable
app.vercel.reimagine_beta.twa.R$integer
app.vercel.reimagine_beta.twa.R$mipmap
app.vercel.reimagine_beta.twa.R$raw
app.vercel.reimagine_beta.twa.R$string
app.vercel.reimagine_beta.twa.R$xml
app.vercel.reimagine_beta.twa.R
...
kotlin.jvm.internal.BooleanCompanionObject
kotlin.jvm.internal.BooleanSpreadBuilder
kotlin.jvm.internal.ByteCompanionObject
kotlin.jvm.internal.ByteSpreadBuilder
kotlin.jvm.internal.CallableReference$NoReceiver
kotlin.jvm.internal.CallableReference
kotlin.jvm.internal.CharCompanionObject
kotlin.jvm.internal.CharSpreadBuilder
kotlin.jvm.internal.ClassBasedDeclarationContainer
kotlin.jvm.internal.ClassReference$Companion
kotlin.jvm.internal.ClassReference
kotlin.jvm.internal.CollectionToArray:
    private static final int MAX_SIZE
    private static final java.lang.Object[] toArrayImpl(java.util.Collection,kotlin.jvm.functions.Function0,kotlin.jvm.functions.Function1,kotlin.jvm.functions.Function2)
kotlin.jvm.internal.DefaultConstructorMarker:
    private void <init>()
kotlin.jvm.internal.DoubleCompanionObject
kotlin.jvm.internal.DoubleSpreadBuilder
kotlin.jvm.internal.EnumCompanionObject
kotlin.jvm.internal.FloatCompanionObject
kotlin.jvm.internal.FloatSpreadBuilder
kotlin.jvm.internal.FunInterfaceConstructorReference
kotlin.jvm.internal.FunctionAdapter
kotlin.jvm.internal.FunctionBase:
    public abstract int getArity()
kotlin.jvm.internal.FunctionImpl
kotlin.jvm.internal.FunctionReference
kotlin.jvm.internal.FunctionReferenceImpl
kotlin.jvm.internal.InlineMarker
kotlin.jvm.internal.IntCompanionObject
kotlin.jvm.internal.IntSpreadBuilder
kotlin.jvm.internal.Intrinsics$Kotlin
kotlin.jvm.internal.Intrinsics:
    private void <init>()
    public static boolean areEqual(double,java.lang.Double)
    public static boolean areEqual(float,java.lang.Float)
    public static boolean areEqual(java.lang.Double,double)
    public static boolean areEqual(java.lang.Double,java.lang.Double)
    public static boolean areEqual(java.lang.Float,float)
    public static boolean areEqual(java.lang.Float,java.lang.Float)
    public static void checkExpressionValueIsNotNull(java.lang.Object,java.lang.String)
    public static void checkFieldIsNotNull(java.lang.Object,java.lang.String)
    public static void checkFieldIsNotNull(java.lang.Object,java.lang.String,java.lang.String)
    public static void checkHasClass(java.lang.String)
    public static void checkHasClass(java.lang.String,java.lang.String)
    public static void checkParameterIsNotNull(java.lang.Object,java.lang.String)
    public static void checkReturnedValueIsNotNull(java.lang.Object,java.lang.String)
    public static void checkReturnedValueIsNotNull(java.lang.Object,java.lang.String,java.lang.String)
    public static int compare(int,int)
    public static int compare(long,long)
    public static void needClassReification()
    public static void needClassReification(java.lang.String)
    public static void reifiedOperationMarker(int,java.lang.String)
    public static void reifiedOperationMarker(int,java.lang.String,java.lang.String)
kotlin.jvm.internal.KTypeBase
kotlin.jvm.internal.Lambda:
    public int getArity()
kotlin.jvm.internal.LocalVariableReference
kotlin.jvm.internal.LocalVariableReferencesKt
kotlin.jvm.internal.LongCompanionObject
kotlin.jvm.internal.LongSpreadBuilder
kotlin.jvm.internal.MagicApiIntrinsics
kotlin.jvm.internal.MutableLocalVariableReference
kotlin.jvm.internal.MutablePropertyReference0
kotlin.jvm.internal.MutablePropertyReference0Impl
kotlin.jvm.internal.MutablePropertyReference1
kotlin.jvm.internal.MutablePropertyReference1Impl
kotlin.jvm.internal.MutablePropertyReference2
kotlin.jvm.internal.MutablePropertyReference2Impl
kotlin.jvm.internal.MutablePropertyReference
kotlin.jvm.internal.PackageReference
kotlin.jvm.internal.PrimitiveSpreadBuilder
kotlin.jvm.internal.PropertyReference0
kotlin.jvm.internal.PropertyReference0Impl
kotlin.jvm.internal.PropertyReference1
kotlin.jvm.internal.PropertyReference1Impl
kotlin.jvm.internal.PropertyReference2
kotlin.jvm.internal.PropertyReference2Impl
kotlin.jvm.internal.PropertyReference
kotlin.jvm.internal.Ref$BooleanRef
kotlin.jvm.internal.Ref$ByteRef
kotlin.jvm.internal.Ref$CharRef
kotlin.jvm.internal.Ref$DoubleRef